<?xml version="1.0" encoding="UTF-8"?>
<testng-results skipped="0" failed="0" ignored="0" total="1" passed="1">
  <reporter-output>
  </reporter-output>
  <suite name="Default suite" duration-ms="145213" started-at="2020-03-17T12:19:36 IST" finished-at="2020-03-17T12:22:01 IST">
    <groups>
    </groups>
    <test name="Default test" duration-ms="145213" started-at="2020-03-17T12:19:36 IST" finished-at="2020-03-17T12:22:01 IST">
      <class name="homepage.LoginUser">
        <test-method status="PASS" signature="loginbeeja()[pri:0, instance:homepage.LoginUser@4bb4de6a]" name="loginbeeja" duration-ms="145167" started-at="2020-03-17T12:19:36 IST" finished-at="2020-03-17T12:22:01 IST">
          <reporter-output>
          </reporter-output>
        </test-method> <!-- loginbeeja -->
      </class> <!-- homepage.LoginUser -->
    </test> <!-- Default test -->
  </suite> <!-- Default suite -->
</testng-results>
